{
  "RSpec": {
    "coverage": {
      "/Users/anton/work/repositories/inventarium/core/lib/types.rb": {
        "lines": [
          null,
          null,
          1,
          null,
          null,
          null,
          null,
          1,
          1,
          1,
          null,
          null,
          17,
          null,
          null,
          null,
          1,
          null,
          null,
          null,
          null,
          56,
          null,
          null,
          74,
          null,
          null,
          null,
          180,
          null,
          null,
          null,
          106,
          null,
          null,
          106,
          null,
          null,
          null
        ]
      },
      "/Users/anton/work/repositories/inventarium/core/lib/core/libs/operation.rb": {
        "lines": [
          null,
          null,
          1,
          1,
          1,
          1,
          1,
          null,
          1,
          null,
          null,
          null,
          null,
          null,
          null,
          null,
          null,
          null,
          null,
          null,
          null,
          null,
          null,
          null,
          null,
          null,
          null,
          null,
          1,
          1,
          1,
          1,
          null,
          1,
          null,
          1,
          0,
          null,
          null,
          null
        ]
      },
      "/Users/anton/work/repositories/inventarium/core/lib/accounts/operations/create_by_oauth.rb": {
        "lines": [
          null,
          null,
          1,
          1,
          1,
          1,
          null,
          null,
          null,
          null,
          1,
          1,
          null,
          1,
          13,
          11,
          null,
          11,
          9,
          null,
          7,
          null,
          null,
          null,
          null,
          null,
          null,
          9,
          null,
          null,
          1,
          null,
          1,
          9,
          null,
          null,
          null,
          null,
          null,
          null,
          null,
          2,
          null,
          null,
          1,
          13,
          null,
          2,
          null,
          null,
          1,
          null,
          9,
          null,
          null,
          null,
          null,
          null,
          null,
          1,
          null,
          20,
          null,
          null,
          null,
          null,
          null,
          null,
          null,
          null
        ]
      },
      "/Users/anton/work/repositories/inventarium/core/lib/accounts/operations/invite.rb": {
        "lines": [
          null,
          null,
          1,
          1,
          1,
          1,
          null,
          null,
          null,
          null,
          1,
          10,
          null,
          8,
          null,
          null,
          1,
          null,
          1,
          10,
          8,
          null,
          2,
          null,
          null,
          null,
          1,
          8,
          2,
          null,
          6,
          null,
          null,
          null,
          null,
          null,
          null,
          null,
          null,
          2,
          null,
          null,
          null,
          null
        ]
      },
      "/Users/anton/work/repositories/inventarium/core/lib/accounts/operations/list.rb": {
        "lines": [
          null,
          null,
          1,
          1,
          1,
          1,
          null,
          null,
          null,
          1,
          3,
          null,
          null,
          null,
          null
        ]
      },
      "/Users/anton/work/repositories/inventarium/core/lib/core.rb": {
        "lines": [
          null,
          null,
          1,
          null
        ]
      },
      "/Users/anton/work/repositories/inventarium/core/lib/core/entities/account.rb": {
        "lines": [
          null,
          null,
          1,
          null,
          null,
          1,
          1,
          1,
          null,
          1,
          null,
          1,
          1,
          1,
          1,
          null,
          1,
          1,
          null,
          null
        ]
      },
      "/Users/anton/work/repositories/inventarium/core/lib/core/entities/account_organisation.rb": {
        "lines": [
          null,
          null,
          1,
          null,
          null,
          1,
          null,
          null,
          1,
          1,
          null,
          1,
          1,
          null,
          1,
          1,
          null,
          1,
          1,
          null,
          1,
          null,
          1,
          1,
          null,
          null,
          1,
          2,
          null,
          null
        ]
      },
      "/Users/anton/work/repositories/inventarium/core/lib/core/entities/auth_identity.rb": {
        "lines": [
          null,
          null,
          1,
          null,
          null,
          1,
          1,
          1,
          null,
          1,
          1,
          null,
          1,
          1,
          1,
          1,
          1,
          null,
          1,
          1,
          null,
          null
        ]
      },
      "/Users/anton/work/repositories/inventarium/core/lib/core/entities/communication.rb": {
        "lines": [
          null,
          null,
          1,
          null,
          null,
          1,
          1,
          1,
          null,
          1,
          1,
          null,
          1,
          1,
          1,
          null,
          1,
          1,
          null,
          1,
          null,
          1,
          1,
          null,
          null
        ]
      },
      "/Users/anton/work/repositories/inventarium/core/lib/core/entities/environment.rb": {
        "lines": [
          null,
          null,
          1,
          null,
          null,
          1,
          1,
          1,
          null,
          1,
          1,
          null,
          1,
          1,
          1,
          null,
          1,
          1,
          1,
          1,
          1,
          null,
          1,
          null,
          1,
          1,
          null,
          null
        ]
      },
      "/Users/anton/work/repositories/inventarium/core/lib/core/entities/organisation.rb": {
        "lines": [
          null,
          null,
          1,
          null,
          null,
          1,
          1,
          1,
          null,
          1,
          null,
          1,
          1,
          null,
          1,
          1,
          null,
          1,
          1,
          null,
          null
        ]
      },
      "/Users/anton/work/repositories/inventarium/core/lib/core/entities/organisation_audit_item.rb": {
        "lines": [
          null,
          null,
          1,
          null,
          null,
          1,
          null,
          null,
          1,
          1,
          1,
          null,
          1,
          1,
          null,
          1,
          1,
          null,
          1,
          1,
          null,
          1,
          1,
          null,
          null
        ]
      },
      "/Users/anton/work/repositories/inventarium/core/lib/core/entities/organisation_invite.rb": {
        "lines": [
          null,
          null,
          1,
          null,
          null,
          1,
          1,
          1,
          null,
          1,
          1,
          null,
          1,
          1,
          null,
          1,
          1,
          null,
          null
        ]
      },
      "/Users/anton/work/repositories/inventarium/core/lib/core/entities/readiness.rb": {
        "lines": [
          null,
          null,
          1,
          null,
          null,
          1,
          1,
          1,
          null,
          1,
          1,
          null,
          1,
          1,
          1,
          1,
          1,
          1,
          1,
          1,
          1,
          null,
          1,
          1,
          null,
          null,
          1,
          null,
          null,
          null,
          null,
          1,
          6,
          null,
          null,
          1,
          3,
          null,
          null
        ]
      },
      "/Users/anton/work/repositories/inventarium/core/lib/core/entities/service.rb": {
        "lines": [
          null,
          null,
          1,
          null,
          null,
          1,
          null,
          null,
          1,
          null,
          null,
          1,
          1,
          1,
          null,
          1,
          1,
          1,
          null,
          1,
          1,
          null,
          1,
          null,
          1,
          1,
          1,
          1,
          1,
          null,
          1,
          null,
          1,
          1,
          null,
          1,
          1,
          null,
          1,
          null,
          1,
          1,
          1,
          null,
          1,
          null,
          1,
          1,
          null,
          null
        ]
      },
      "/Users/anton/work/repositories/inventarium/core/lib/core/libs/markdown_parser.rb": {
        "lines": [
          null,
          null,
          null,
          null,
          null,
          null,
          null,
          null,
          null,
          null,
          null,
          null,
          null,
          null,
          null,
          null,
          null,
          null,
          null,
          null,
          null,
          null,
          null,
          null,
          null,
          null,
          null,
          null,
          null,
          null,
          null,
          null
        ]
      },
      "/Users/anton/work/repositories/inventarium/core/lib/core/libs/search_query_parser.rb": {
        "lines": [
          null,
          null,
          1,
          null,
          1,
          1,
          1,
          1,
          null,
          1,
          null,
          1,
          null,
          1,
          8,
          null,
          6,
          6,
          6,
          6,
          null,
          null,
          1,
          null,
          1,
          6,
          null,
          6,
          9,
          9,
          null,
          null,
          6,
          null,
          null,
          1,
          9,
          null,
          9,
          null,
          null,
          null
        ]
      },
      "/Users/anton/work/repositories/inventarium/core/lib/core/repositories/account_organisation_repository.rb": {
        "lines": [
          null,
          null,
          1,
          1,
          2,
          2,
          null,
          null,
          1,
          null,
          1,
          4,
          null,
          null,
          1,
          6,
          null,
          null,
          1,
          null,
          null,
          null,
          6,
          6,
          null,
          6,
          6,
          6,
          null,
          null,
          6,
          null,
          2,
          null,
          null,
          null,
          1,
          6,
          6,
          null,
          3,
          null,
          null,
          null
        ]
      },
      "/Users/anton/work/repositories/inventarium/core/lib/core/repositories/account_repository.rb": {
        "lines": [
          null,
          null,
          1,
          1,
          2,
          null,
          2,
          2,
          null,
          null,
          1,
          null,
          null,
          8,
          null,
          null,
          null,
          null,
          null,
          null,
          1,
          5,
          null,
          null,
          null,
          null,
          null
        ]
      },
      "/Users/anton/work/repositories/inventarium/core/lib/core/repositories/auth_identity_repository.rb": {
        "lines": [
          null,
          null,
          1,
          1,
          2,
          null,
          null
        ]
      },
      "/Users/anton/work/repositories/inventarium/core/lib/core/repositories/communication_repository.rb": {
        "lines": [
          null,
          null,
          1,
          1,
          2,
          null,
          null,
          1,
          null,
          1,
          4,
          null,
          null,
          null,
          null,
          null,
          null,
          null,
          null,
          1,
          null,
          27,
          null,
          11,
          6,
          null,
          null,
          11,
          null,
          null,
          null,
          1,
          16,
          4,
          null,
          null,
          16,
          2,
          null,
          14,
          null,
          null,
          null,
          null,
          1,
          11,
          null,
          0,
          null,
          null
        ]
      },
      "/Users/anton/work/repositories/inventarium/core/lib/core/repositories/environment_repository.rb": {
        "lines": [
          null,
          null,
          1,
          1,
          2,
          null,
          null,
          null,
          null,
          null,
          null,
          null,
          null,
          1,
          null,
          34,
          34,
          11,
          null,
          null,
          null,
          1,
          37,
          null,
          23,
          4,
          null,
          19,
          null,
          null,
          null,
          null,
          1,
          11,
          null,
          2,
          null,
          null
        ]
      },
      "/Users/anton/work/repositories/inventarium/core/lib/core/repositories/organisation_audit_item_repository.rb": {
        "lines": [
          null,
          null,
          1,
          1,
          2,
          2,
          null,
          null,
          1,
          7,
          7,
          7,
          null,
          14,
          null,
          null
        ]
      },
      "/Users/anton/work/repositories/inventarium/core/lib/core/repositories/organisation_invite_repository.rb": {
        "lines": [
          null,
          null,
          1,
          1,
          2,
          null,
          null
        ]
      },
      "/Users/anton/work/repositories/inventarium/core/lib/core/repositories/organisation_repository.rb": {
        "lines": [
          null,
          null,
          1,
          1,
          2,
          2,
          2,
          null,
          2,
          2,
          null,
          null,
          1,
          5,
          null,
          null,
          null,
          null,
          null,
          1,
          14,
          null,
          null,
          null,
          null,
          null,
          null,
          1,
          7,
          null,
          null,
          null,
          1,
          2,
          null,
          null,
          null,
          null,
          null
        ]
      },
      "/Users/anton/work/repositories/inventarium/core/lib/core/repositories/readiness_repository.rb": {
        "lines": [
          null,
          null,
          1,
          1,
          2,
          null,
          null,
          1,
          6,
          6,
          null,
          6,
          2,
          null,
          4,
          null,
          null,
          null,
          null
        ]
      },
      "/Users/anton/work/repositories/inventarium/core/lib/core/repositories/service_repository.rb": {
        "lines": [
          null,
          null,
          1,
          1,
          2,
          2,
          2,
          null,
          2,
          null,
          2,
          null,
          null,
          1,
          6,
          null,
          null,
          1,
          29,
          null,
          null,
          null,
          null,
          1,
          4,
          null,
          null,
          null,
          1,
          12,
          12,
          12,
          11,
          null,
          11,
          11,
          null,
          11,
          null,
          null,
          null,
          1,
          null,
          1,
          11,
          null,
          null,
          1,
          11,
          null,
          null
        ]
      },
      "/Users/anton/work/repositories/inventarium/core/lib/organisations/libs/token_generator.rb": {
        "lines": [
          null,
          null,
          1,
          1,
          1,
          1,
          null,
          null,
          null,
          1,
          5,
          5,
          null,
          5,
          null,
          null,
          null,
          null
        ]
      },
      "/Users/anton/work/repositories/inventarium/core/lib/organisations/operations/audit.rb": {
        "lines": [
          null,
          null,
          1,
          1,
          1,
          1,
          null,
          null,
          null,
          1,
          4,
          null,
          null,
          null,
          null,
          null,
          null
        ]
      },
      "/Users/anton/work/repositories/inventarium/core/lib/organisations/operations/authenticate.rb": {
        "lines": [
          null,
          null,
          1,
          1,
          1,
          1,
          null,
          null,
          null,
          1,
          6,
          6,
          null,
          null,
          null,
          null
        ]
      },
      "/Users/anton/work/repositories/inventarium/core/lib/organisations/operations/create.rb": {
        "lines": [
          null,
          null,
          1,
          1,
          1,
          1,
          null,
          null,
          null,
          null,
          1,
          6,
          null,
          4,
          4,
          null,
          4,
          null,
          null,
          1,
          null,
          1,
          4,
          null,
          null,
          null,
          0,
          null,
          null,
          null,
          null
        ]
      },
      "/Users/anton/work/repositories/inventarium/core/lib/organisations/operations/invite_to_demo.rb": {
        "lines": [
          null,
          null,
          null,
          null,
          1,
          1,
          1,
          1,
          null,
          null,
          null,
          1,
          null,
          1,
          2,
          null,
          null,
          null,
          null,
          null,
          null
        ]
      },
      "/Users/anton/work/repositories/inventarium/core/lib/organisations/operations/list.rb": {
        "lines": [
          null,
          null,
          1,
          1,
          1,
          1,
          null,
          null,
          null,
          1,
          7,
          null,
          null,
          null,
          null
        ]
      },
      "/Users/anton/work/repositories/inventarium/core/lib/organisations/operations/show.rb": {
        "lines": [
          null,
          null,
          1,
          1,
          1,
          1,
          null,
          null,
          null,
          1,
          15,
          15,
          null,
          null,
          null,
          null
        ]
      },
      "/Users/anton/work/repositories/inventarium/core/lib/services/mappers/readiness_status.rb": {
        "lines": [
          null,
          null,
          1,
          1,
          1,
          1,
          13,
          9,
          null,
          8,
          null,
          null,
          8,
          null,
          null,
          null,
          null,
          null,
          null,
          null,
          null,
          null,
          null,
          null,
          null,
          1,
          null,
          1,
          null,
          1,
          8,
          null,
          8,
          null,
          null,
          3,
          null,
          null,
          null,
          null,
          null,
          null,
          1,
          12,
          null,
          null,
          null,
          null
        ]
      },
      "/Users/anton/work/repositories/inventarium/core/lib/services/mappers/service_information.rb": {
        "lines": [
          null,
          null,
          1,
          null,
          1,
          1,
          1,
          1,
          11,
          null,
          10,
          null,
          10,
          null,
          null,
          null,
          null,
          null,
          null,
          null,
          null,
          null,
          null,
          null,
          null,
          null,
          null,
          null,
          null,
          null,
          null,
          null,
          null,
          null,
          null,
          30,
          null,
          null,
          null,
          null,
          1,
          null,
          1,
          10,
          null,
          null,
          null,
          null
        ]
      },
      "/Users/anton/work/repositories/inventarium/core/lib/services/operations/all_communications.rb": {
        "lines": [
          null,
          null,
          1,
          1,
          1,
          1,
          null,
          null,
          null,
          1,
          6,
          null,
          null,
          null,
          null
        ]
      },
      "/Users/anton/work/repositories/inventarium/core/lib/services/operations/list.rb": {
        "lines": [
          null,
          null,
          1,
          1,
          1,
          1,
          null,
          null,
          null,
          1,
          5,
          null,
          null,
          null,
          null
        ]
      },
      "/Users/anton/work/repositories/inventarium/core/lib/services/operations/put.rb": {
        "lines": [
          null,
          null,
          1,
          1,
          1,
          1,
          null,
          null,
          null,
          null,
          null,
          null,
          1,
          8,
          8,
          null,
          8,
          6,
          6,
          null,
          6,
          null,
          null,
          1,
          null,
          1,
          8,
          null,
          2,
          null,
          null,
          1,
          6,
          null,
          null,
          null,
          null
        ]
      },
      "/Users/anton/work/repositories/inventarium/core/lib/services/operations/readiness_calculator.rb": {
        "lines": [
          null,
          null,
          1,
          1,
          1,
          1,
          null,
          null,
          null,
          null,
          null,
          1,
          6,
          null,
          4,
          4,
          null,
          null,
          1,
          null,
          1,
          6,
          6,
          null,
          null,
          1,
          null,
          0,
          null,
          null,
          null,
          null,
          null,
          null,
          null,
          null,
          null,
          null,
          null,
          null,
          1,
          0,
          null,
          0,
          null,
          null,
          0,
          null,
          null,
          null,
          null,
          null,
          null,
          null,
          null
        ]
      },
      "/Users/anton/work/repositories/inventarium/core/lib/services/operations/show.rb": {
        "lines": [
          null,
          null,
          1,
          1,
          1,
          1,
          null,
          null,
          null,
          1,
          8,
          8,
          null,
          null,
          null,
          null
        ]
      },
      "/Users/anton/work/repositories/inventarium/core/lib/services/schemas/service_yaml.rb": {
        "lines": [
          null,
          null,
          1,
          1,
          1,
          1,
          1,
          1,
          null,
          1,
          1,
          null,
          1,
          1,
          null,
          1,
          1,
          null,
          1,
          1,
          null,
          1,
          null,
          1,
          1,
          1,
          null,
          1,
          1,
          1,
          null,
          1,
          1,
          1,
          null,
          1,
          null,
          1,
          null,
          null,
          1,
          1,
          1,
          null,
          1,
          1,
          1,
          null,
          null,
          null,
          null
        ]
      },
      "/Users/anton/work/repositories/inventarium/core/lib/services/workers/readiness_calculator.rb": {
        "lines": [
          null,
          null,
          1,
          1,
          1,
          1,
          1,
          null,
          1,
          null,
          null,
          null,
          null,
          null,
          1,
          3,
          3,
          null,
          2,
          null,
          1,
          null,
          null,
          null,
          null,
          null
        ]
      },
      "/Users/anton/work/repositories/inventarium/core/apps/api/controllers/services/put.rb": {
        "lines": [
          null,
          null,
          1,
          1,
          1,
          1,
          1,
          1,
          1,
          null,
          1,
          null,
          null,
          null,
          null,
          null,
          null,
          null,
          1,
          null,
          1,
          null,
          1,
          11,
          null,
          11,
          null,
          5,
          null,
          2,
          null,
          2,
          null,
          2,
          null,
          null,
          null,
          1,
          null,
          1,
          11,
          9,
          null,
          7,
          null,
          null,
          null,
          1,
          9,
          null,
          9,
          null,
          9,
          2,
          null,
          7,
          null,
          null,
          0,
          null,
          null,
          null,
          1,
          11,
          null,
          null,
          null,
          1,
          15,
          15,
          null,
          null,
          4,
          null,
          null,
          null,
          null,
          null,
          null
        ]
      },
      "/Users/anton/work/repositories/inventarium/core/apps/auth/controllers/oauth_session/create.rb": {
        "lines": [
          null,
          null,
          1,
          1,
          1,
          1,
          1,
          1,
          null,
          1,
          null,
          null,
          null,
          1,
          6,
          null,
          null,
          null,
          null,
          6,
          null,
          null,
          4,
          null,
          4,
          null,
          2,
          null,
          null,
          null,
          null,
          1,
          null,
          1,
          null,
          1,
          4,
          null,
          null,
          null,
          null,
          null
        ]
      },
      "/Users/anton/work/repositories/inventarium/core/apps/auth/controllers/oauth_session/destroy.rb": {
        "lines": [
          null,
          null,
          1,
          1,
          1,
          1,
          1,
          null,
          1,
          2,
          2,
          null,
          null,
          null,
          null,
          null
        ]
      },
      "/Users/anton/work/repositories/inventarium/core/apps/auth/controllers/signin/index.rb": {
        "lines": [
          null,
          null,
          1,
          1,
          1,
          1,
          1,
          null,
          1,
          null,
          null,
          null,
          null
        ]
      },
      "/Users/anton/work/repositories/inventarium/core/apps/auth/views/application_layout.rb": {
        "lines": [
          null,
          null,
          1,
          1,
          1,
          1,
          null,
          null,
          null
        ]
      },
      "/Users/anton/work/repositories/inventarium/core/apps/auth/views/signin/index.rb": {
        "lines": [
          null,
          null,
          1,
          1,
          1,
          1,
          1,
          null,
          null,
          null,
          null
        ]
      },
      "/Users/anton/work/repositories/inventarium/core/apps/web/helpers/authentication.rb": {
        "lines": [
          null,
          null,
          1,
          1,
          null,
          null,
          null,
          1,
          1,
          1,
          1,
          14,
          14,
          14,
          null,
          null,
          null,
          1,
          89,
          89,
          null,
          null,
          1,
          89,
          null,
          null,
          1,
          259,
          null,
          null,
          null,
          null
        ]
      },
      "/Users/anton/work/repositories/inventarium/core/apps/web/controllers/dashboard/index.rb": {
        "lines": [
          null,
          null,
          1,
          1,
          1,
          1,
          1,
          1,
          null,
          1,
          null,
          null,
          null,
          1,
          null,
          1,
          4,
          4,
          null,
          4,
          null,
          3,
          null,
          null,
          null,
          null,
          null,
          null,
          null,
          null,
          null
        ]
      },
      "/Users/anton/work/repositories/inventarium/core/apps/web/controllers/demo_organisation_invites/create.rb": {
        "lines": [
          null,
          null,
          1,
          1,
          1,
          1,
          1,
          1,
          1,
          null,
          1,
          null,
          null,
          null,
          1,
          5,
          null,
          5,
          null,
          3,
          null,
          2,
          null,
          null,
          5,
          null,
          null,
          null,
          null,
          null
        ]
      },
      "/Users/anton/work/repositories/inventarium/core/apps/web/controllers/organisation_integrations/index.rb": {
        "lines": [
          null,
          null,
          1,
          1,
          1,
          1,
          1,
          1,
          null,
          1,
          null,
          null,
          null,
          1,
          null,
          1,
          4,
          null,
          4,
          null,
          3,
          null,
          1,
          null,
          null,
          null,
          null,
          null,
          null
        ]
      },
      "/Users/anton/work/repositories/inventarium/core/apps/web/controllers/organisation_invites/create.rb": {
        "lines": [
          null,
          null,
          1,
          1,
          1,
          1,
          1,
          1,
          1,
          null,
          1,
          null,
          null,
          null,
          null,
          1,
          7,
          null,
          7,
          null,
          3,
          null,
          4,
          null,
          null,
          7,
          null,
          null,
          1,
          7,
          5,
          null,
          null,
          null,
          null,
          null
        ]
      },
      "/Users/anton/work/repositories/inventarium/core/apps/web/controllers/organisation_maps/index.rb": {
        "lines": [
          null,
          null,
          1,
          1,
          1,
          1,
          1,
          1,
          null,
          1,
          null,
          null,
          null,
          null,
          1,
          null,
          1,
          6,
          null,
          6,
          null,
          5,
          5,
          null,
          1,
          null,
          null,
          null,
          null,
          null,
          null
        ]
      },
      "/Users/anton/work/repositories/inventarium/core/apps/web/controllers/organisation_quality_attributes/index.rb": {
        "lines": [
          null,
          null,
          1,
          1,
          1,
          1,
          1,
          1,
          null,
          1,
          null,
          null,
          null,
          null,
          1,
          1,
          null,
          1,
          6,
          6,
          null,
          6,
          null,
          5,
          5,
          null,
          1,
          null,
          null,
          null,
          null,
          null,
          null
        ]
      },
      "/Users/anton/work/repositories/inventarium/core/apps/web/controllers/organisation_settings/index.rb": {
        "lines": [
          null,
          null,
          1,
          1,
          1,
          1,
          1,
          1,
          null,
          1,
          null,
          null,
          null,
          null,
          1,
          null,
          1,
          6,
          null,
          6,
          null,
          5,
          5,
          null,
          1,
          null,
          null,
          null,
          null,
          null,
          null
        ]
      },
      "/Users/anton/work/repositories/inventarium/core/apps/web/controllers/organisations/create.rb": {
        "lines": [
          null,
          null,
          1,
          1,
          1,
          1,
          1,
          1,
          null,
          1,
          null,
          null,
          null,
          1,
          3,
          null,
          3,
          null,
          2,
          null,
          1,
          null,
          null,
          null,
          null,
          null,
          null,
          null
        ]
      },
      "/Users/anton/work/repositories/inventarium/core/apps/web/controllers/organisations/new.rb": {
        "lines": [
          null,
          null,
          1,
          1,
          1,
          1,
          1,
          null,
          1,
          null,
          null,
          null,
          null
        ]
      },
      "/Users/anton/work/repositories/inventarium/core/apps/web/controllers/organisations/show.rb": {
        "lines": [
          null,
          null,
          1,
          1,
          1,
          1,
          1,
          1,
          null,
          1,
          null,
          null,
          null,
          null,
          null,
          1,
          1,
          1,
          null,
          1,
          10,
          null,
          10,
          null,
          9,
          9,
          9,
          null,
          1,
          null,
          null,
          null,
          null,
          null,
          null
        ]
      },
      "/Users/anton/work/repositories/inventarium/core/apps/web/controllers/service_audit/index.rb": {
        "lines": [
          null,
          null,
          1,
          1,
          1,
          1,
          1,
          1,
          1,
          null,
          1,
          null,
          null,
          null,
          null,
          null,
          1,
          null,
          1,
          7,
          null,
          7,
          null,
          3,
          3,
          3,
          null,
          4,
          null,
          null,
          null,
          1,
          null,
          1,
          7,
          6,
          4,
          null,
          3,
          null,
          null,
          null,
          null,
          null,
          null,
          null,
          null,
          null,
          null,
          null
        ]
      },
      "/Users/anton/work/repositories/inventarium/core/apps/web/controllers/service_readinesses/index.rb": {
        "lines": [
          null,
          null,
          1,
          1,
          1,
          1,
          1,
          1,
          1,
          null,
          1,
          null,
          null,
          null,
          null,
          1,
          null,
          1,
          5,
          null,
          5,
          null,
          3,
          3,
          null,
          2,
          null,
          null,
          null,
          1,
          null,
          1,
          5,
          4,
          null,
          3,
          null,
          null,
          null,
          null,
          null,
          null,
          null,
          null
        ]
      },
      "/Users/anton/work/repositories/inventarium/core/apps/web/controllers/services/index.rb": {
        "lines": [
          null,
          null,
          1,
          1,
          1,
          1,
          1,
          1,
          null,
          1,
          null,
          null,
          null,
          null,
          1,
          1,
          null,
          1,
          6,
          null,
          6,
          null,
          5,
          5,
          null,
          1,
          null,
          null,
          null,
          null,
          null,
          null
        ]
      },
      "/Users/anton/work/repositories/inventarium/core/apps/web/controllers/services/show.rb": {
        "lines": [
          null,
          null,
          1,
          1,
          1,
          1,
          1,
          1,
          1,
          null,
          1,
          null,
          null,
          null,
          null,
          1,
          null,
          1,
          5,
          null,
          5,
          null,
          2,
          2,
          null,
          3,
          null,
          null,
          null,
          1,
          null,
          1,
          5,
          4,
          null,
          2,
          null,
          null,
          null,
          null,
          null,
          null,
          null,
          null
        ]
      },
      "/Users/anton/work/repositories/inventarium/core/apps/web/views/application_layout.rb": {
        "lines": [
          null,
          null,
          1,
          1,
          1,
          1,
          null,
          1,
          null,
          1,
          null,
          1,
          null,
          1,
          null,
          1,
          null,
          1,
          null,
          1,
          null,
          1,
          null,
          1,
          null,
          1,
          0,
          0,
          null,
          null,
          null,
          1,
          0,
          null,
          0,
          null,
          null,
          1,
          0,
          0,
          0,
          0,
          0,
          0,
          null,
          null,
          null,
          null,
          null
        ]
      },
      "/Users/anton/work/repositories/inventarium/core/apps/web/views/dashboard/index.rb": {
        "lines": [
          null,
          null,
          1,
          1,
          1,
          1,
          1,
          null,
          1,
          0,
          null,
          null,
          1,
          0,
          null,
          null,
          null,
          null,
          null
        ]
      },
      "/Users/anton/work/repositories/inventarium/core/apps/web/views/organisation_integrations/index.rb": {
        "lines": [
          null,
          null,
          1,
          1,
          1,
          1,
          1,
          null,
          1,
          0,
          null,
          null,
          1,
          0,
          0,
          0,
          null,
          null,
          null,
          null,
          null,
          null,
          null
        ]
      },
      "/Users/anton/work/repositories/inventarium/core/apps/web/views/organisation_maps/index.rb": {
        "lines": [
          null,
          null,
          1,
          1,
          1,
          1,
          1,
          1,
          0,
          null,
          null,
          1,
          0,
          0,
          0,
          null,
          null,
          null,
          null,
          1,
          null,
          0,
          null,
          null,
          null,
          0,
          0,
          null,
          null,
          null,
          null,
          null,
          null,
          null,
          null,
          0,
          null,
          null,
          null,
          null,
          0,
          null,
          null,
          null,
          null,
          null,
          0,
          0,
          0,
          null,
          null,
          null,
          null,
          null
        ]
      },
      "/Users/anton/work/repositories/inventarium/core/apps/web/views/organisation_quality_attributes/index.rb": {
        "lines": [
          null,
          null,
          1,
          1,
          1,
          1,
          1,
          null,
          1,
          0,
          null,
          null,
          1,
          0,
          0,
          0,
          null,
          null,
          null,
          null,
          1,
          0,
          0,
          null,
          0,
          0,
          0,
          0,
          0,
          null,
          0,
          null,
          null,
          null,
          0,
          null,
          null,
          1,
          0,
          null,
          null,
          null,
          null,
          null
        ]
      },
      "/Users/anton/work/repositories/inventarium/core/apps/web/views/organisation_settings/index.rb": {
        "lines": [
          null,
          null,
          1,
          1,
          1,
          1,
          1,
          null,
          1,
          0,
          null,
          null,
          1,
          0,
          0,
          0,
          null,
          null,
          null,
          null,
          1,
          0,
          0,
          null,
          0,
          0,
          null,
          null,
          0,
          null,
          null,
          null,
          1,
          0,
          null,
          null,
          null,
          null,
          null
        ]
      },
      "/Users/anton/work/repositories/inventarium/core/apps/web/views/organisations/new.rb": {
        "lines": [
          null,
          null,
          1,
          1,
          1,
          1,
          1,
          null,
          1,
          0,
          null,
          null,
          1,
          0,
          null,
          null,
          1,
          0,
          0,
          null,
          0,
          0,
          null,
          null,
          0,
          null,
          null,
          null,
          null,
          null,
          null
        ]
      },
      "/Users/anton/work/repositories/inventarium/core/apps/web/views/organisations/show.rb": {
        "lines": [
          null,
          null,
          1,
          1,
          1,
          1,
          1,
          null,
          1,
          null,
          1,
          0,
          null,
          null,
          1,
          0,
          null,
          null,
          1,
          0,
          0,
          0,
          null,
          null,
          null,
          null,
          1,
          0,
          null,
          null,
          1,
          0,
          0,
          null,
          0,
          null,
          0,
          0,
          0,
          0,
          null,
          null,
          null,
          null,
          null,
          null,
          null,
          null,
          null,
          null,
          0,
          0,
          null,
          null,
          null,
          null,
          null,
          null,
          null
        ]
      },
      "/Users/anton/work/repositories/inventarium/core/apps/web/views/service_audit/index.rb": {
        "lines": [
          null,
          null,
          1,
          1,
          1,
          1,
          1,
          null,
          1,
          0,
          0,
          0,
          0,
          null,
          0,
          0,
          null,
          0,
          null,
          null,
          null,
          null,
          1,
          0,
          null,
          null,
          1,
          null,
          1,
          null,
          1,
          null,
          1,
          0,
          null,
          null,
          null,
          null,
          null
        ]
      },
      "/Users/anton/work/repositories/inventarium/core/apps/web/views/service_readinesses/index.rb": {
        "lines": [
          null,
          null,
          1,
          1,
          1,
          1,
          1,
          null,
          1,
          0,
          0,
          0,
          0,
          null,
          0,
          0,
          null,
          0,
          null,
          null,
          null,
          null,
          1,
          0,
          null,
          null,
          1,
          null,
          1,
          0,
          null,
          null,
          1,
          null,
          1,
          null,
          1,
          0,
          null,
          null,
          1,
          0,
          null,
          0,
          0,
          0,
          0,
          0,
          0,
          null,
          null,
          0,
          null,
          null,
          null,
          null,
          null,
          null,
          null,
          null
        ]
      },
      "/Users/anton/work/repositories/inventarium/core/apps/web/views/services/index.rb": {
        "lines": [
          null,
          null,
          1,
          1,
          1,
          1,
          1,
          null,
          1,
          null,
          1,
          0,
          0,
          0,
          null,
          null,
          null,
          null,
          1,
          0,
          null,
          null,
          1,
          0,
          null,
          null,
          1,
          0,
          0,
          null,
          0,
          null,
          0,
          0,
          0,
          0,
          null,
          null,
          null,
          null,
          null,
          null,
          null,
          null,
          null,
          null,
          0,
          0,
          null,
          null,
          null,
          null,
          null,
          null,
          null
        ]
      },
      "/Users/anton/work/repositories/inventarium/core/apps/web/views/services/show.rb": {
        "lines": [
          null,
          null,
          1,
          1,
          1,
          1,
          1,
          null,
          1,
          0,
          0,
          0,
          0,
          null,
          0,
          null,
          null,
          null,
          null,
          1,
          0,
          null,
          null,
          1,
          0,
          null,
          null,
          1,
          null,
          1,
          null,
          1,
          null,
          1,
          0,
          0,
          0,
          0,
          0,
          0,
          0,
          null,
          0,
          null,
          null,
          null,
          null,
          null,
          1,
          0,
          0,
          0,
          0,
          0,
          null,
          0,
          null,
          null,
          null,
          null,
          null,
          null,
          null,
          null
        ]
      }
    },
    "timestamp": 1592839459
  }
}
